CRITICAL - 2023-09-11 16:21:45 --> Undefined variable $message
in APPPATH\Views\landing_page.php on line 10.
 1 APPPATH\Views\landing_page.php(10): CodeIgniter\Debug\Exceptions->errorHandler(2, 'Undefined variable $message', 'C:\\Users\\ngura\\Job\\project_raha-u\\app\\Views\\landing_page.php', 10)
 2 SYSTEMPATH\View\View.php(226): include('C:\\Users\\ngura\\Job\\project_raha-u\\app\\Views\\landing_page.php')
 3 SYSTEMPATH\View\View.php(229): CodeIgniter\View\View->CodeIgniter\View\{closure}()
 4 SYSTEMPATH\Common.php(1188): CodeIgniter\View\View->render('landing_page', [], true)
 5 APPPATH\Controllers\LandingController.php(8): view('landing_page')
 6 SYSTEMPATH\CodeIgniter.php(919): App\Controllers\LandingController->index()
 7 SYSTEMPATH\CodeIgniter.php(494): CodeIgniter\CodeIgniter->runController(Object(App\Controllers\LandingController))
 8 SYSTEMPATH\CodeIgniter.php(353): CodeIgniter\CodeIgniter->handleRequest(null, Object(Config\Cache), false)
 9 FCPATH\index.php(79): CodeIgniter\CodeIgniter->run()
10 SYSTEMPATH\Commands\Server\rewrite.php(47): require_once('C:\\Users\\ngura\\Job\\project_raha-u\\public\\index.php')
CRITICAL - 2023-09-11 16:21:47 --> Undefined variable $message
in APPPATH\Views\landing_page.php on line 10.
 1 APPPATH\Views\landing_page.php(10): CodeIgniter\Debug\Exceptions->errorHandler(2, 'Undefined variable $message', 'C:\\Users\\ngura\\Job\\project_raha-u\\app\\Views\\landing_page.php', 10)
 2 SYSTEMPATH\View\View.php(226): include('C:\\Users\\ngura\\Job\\project_raha-u\\app\\Views\\landing_page.php')
 3 SYSTEMPATH\View\View.php(229): CodeIgniter\View\View->CodeIgniter\View\{closure}()
 4 SYSTEMPATH\Common.php(1188): CodeIgniter\View\View->render('landing_page', [], true)
 5 APPPATH\Controllers\LandingController.php(8): view('landing_page')
 6 SYSTEMPATH\CodeIgniter.php(919): App\Controllers\LandingController->index()
 7 SYSTEMPATH\CodeIgniter.php(494): CodeIgniter\CodeIgniter->runController(Object(App\Controllers\LandingController))
 8 SYSTEMPATH\CodeIgniter.php(353): CodeIgniter\CodeIgniter->handleRequest(null, Object(Config\Cache), false)
 9 FCPATH\index.php(79): CodeIgniter\CodeIgniter->run()
10 SYSTEMPATH\Commands\Server\rewrite.php(47): require_once('C:\\Users\\ngura\\Job\\project_raha-u\\public\\index.php')
CRITICAL - 2023-09-11 16:21:48 --> Undefined variable $message
in APPPATH\Views\landing_page.php on line 10.
 1 APPPATH\Views\landing_page.php(10): CodeIgniter\Debug\Exceptions->errorHandler(2, 'Undefined variable $message', 'C:\\Users\\ngura\\Job\\project_raha-u\\app\\Views\\landing_page.php', 10)
 2 SYSTEMPATH\View\View.php(226): include('C:\\Users\\ngura\\Job\\project_raha-u\\app\\Views\\landing_page.php')
 3 SYSTEMPATH\View\View.php(229): CodeIgniter\View\View->CodeIgniter\View\{closure}()
 4 SYSTEMPATH\Common.php(1188): CodeIgniter\View\View->render('landing_page', [], true)
 5 APPPATH\Controllers\LandingController.php(8): view('landing_page')
 6 SYSTEMPATH\CodeIgniter.php(919): App\Controllers\LandingController->index()
 7 SYSTEMPATH\CodeIgniter.php(494): CodeIgniter\CodeIgniter->runController(Object(App\Controllers\LandingController))
 8 SYSTEMPATH\CodeIgniter.php(353): CodeIgniter\CodeIgniter->handleRequest(null, Object(Config\Cache), false)
 9 FCPATH\index.php(79): CodeIgniter\CodeIgniter->run()
10 SYSTEMPATH\Commands\Server\rewrite.php(47): require_once('C:\\Users\\ngura\\Job\\project_raha-u\\public\\index.php')
CRITICAL - 2023-09-11 16:22:01 --> Undefined variable $message
in APPPATH\Views\landing_page.php on line 10.
 1 APPPATH\Views\landing_page.php(10): CodeIgniter\Debug\Exceptions->errorHandler(2, 'Undefined variable $message', 'C:\\Users\\ngura\\Job\\project_raha-u\\app\\Views\\landing_page.php', 10)
 2 SYSTEMPATH\View\View.php(226): include('C:\\Users\\ngura\\Job\\project_raha-u\\app\\Views\\landing_page.php')
 3 SYSTEMPATH\View\View.php(229): CodeIgniter\View\View->CodeIgniter\View\{closure}()
 4 SYSTEMPATH\Common.php(1188): CodeIgniter\View\View->render('landing_page', [], true)
 5 APPPATH\Controllers\LandingController.php(8): view('landing_page')
 6 SYSTEMPATH\CodeIgniter.php(919): App\Controllers\LandingController->index()
 7 SYSTEMPATH\CodeIgniter.php(494): CodeIgniter\CodeIgniter->runController(Object(App\Controllers\LandingController))
 8 SYSTEMPATH\CodeIgniter.php(353): CodeIgniter\CodeIgniter->handleRequest(null, Object(Config\Cache), false)
 9 FCPATH\index.php(79): CodeIgniter\CodeIgniter->run()
10 SYSTEMPATH\Commands\Server\rewrite.php(47): require_once('C:\\Users\\ngura\\Job\\project_raha-u\\public\\index.php')
CRITICAL - 2023-09-11 16:22:01 --> Undefined variable $message
in APPPATH\Views\landing_page.php on line 10.
 1 APPPATH\Views\landing_page.php(10): CodeIgniter\Debug\Exceptions->errorHandler(2, 'Undefined variable $message', 'C:\\Users\\ngura\\Job\\project_raha-u\\app\\Views\\landing_page.php', 10)
 2 SYSTEMPATH\View\View.php(226): include('C:\\Users\\ngura\\Job\\project_raha-u\\app\\Views\\landing_page.php')
 3 SYSTEMPATH\View\View.php(229): CodeIgniter\View\View->CodeIgniter\View\{closure}()
 4 SYSTEMPATH\Common.php(1188): CodeIgniter\View\View->render('landing_page', [], true)
 5 APPPATH\Controllers\LandingController.php(8): view('landing_page')
 6 SYSTEMPATH\CodeIgniter.php(919): App\Controllers\LandingController->index()
 7 SYSTEMPATH\CodeIgniter.php(494): CodeIgniter\CodeIgniter->runController(Object(App\Controllers\LandingController))
 8 SYSTEMPATH\CodeIgniter.php(353): CodeIgniter\CodeIgniter->handleRequest(null, Object(Config\Cache), false)
 9 FCPATH\index.php(79): CodeIgniter\CodeIgniter->run()
10 SYSTEMPATH\Commands\Server\rewrite.php(47): require_once('C:\\Users\\ngura\\Job\\project_raha-u\\public\\index.php')
CRITICAL - 2023-09-11 16:22:42 --> Undefined variable $message
in APPPATH\Views\landing_page.php on line 10.
 1 APPPATH\Views\landing_page.php(10): CodeIgniter\Debug\Exceptions->errorHandler(2, 'Undefined variable $message', 'C:\\Users\\ngura\\Job\\project_raha-u\\app\\Views\\landing_page.php', 10)
 2 SYSTEMPATH\View\View.php(226): include('C:\\Users\\ngura\\Job\\project_raha-u\\app\\Views\\landing_page.php')
 3 SYSTEMPATH\View\View.php(229): CodeIgniter\View\View->CodeIgniter\View\{closure}()
 4 SYSTEMPATH\Common.php(1188): CodeIgniter\View\View->render('landing_page', [], true)
 5 APPPATH\Controllers\LandingController.php(8): view('landing_page')
 6 SYSTEMPATH\CodeIgniter.php(919): App\Controllers\LandingController->index()
 7 SYSTEMPATH\CodeIgniter.php(494): CodeIgniter\CodeIgniter->runController(Object(App\Controllers\LandingController))
 8 SYSTEMPATH\CodeIgniter.php(353): CodeIgniter\CodeIgniter->handleRequest(null, Object(Config\Cache), false)
 9 FCPATH\index.php(79): CodeIgniter\CodeIgniter->run()
10 SYSTEMPATH\Commands\Server\rewrite.php(47): require_once('C:\\Users\\ngura\\Job\\project_raha-u\\public\\index.php')
CRITICAL - 2023-09-11 16:23:27 --> Undefined variable $message
in APPPATH\Views\landing_page.php on line 10.
 1 APPPATH\Views\landing_page.php(10): CodeIgniter\Debug\Exceptions->errorHandler(2, 'Undefined variable $message', 'C:\\Users\\ngura\\Job\\project_raha-u\\app\\Views\\landing_page.php', 10)
 2 SYSTEMPATH\View\View.php(226): include('C:\\Users\\ngura\\Job\\project_raha-u\\app\\Views\\landing_page.php')
 3 SYSTEMPATH\View\View.php(229): CodeIgniter\View\View->CodeIgniter\View\{closure}()
 4 SYSTEMPATH\Common.php(1188): CodeIgniter\View\View->render('landing_page', [], true)
 5 APPPATH\Controllers\LandingController.php(8): view('landing_page')
 6 SYSTEMPATH\CodeIgniter.php(919): App\Controllers\LandingController->index()
 7 SYSTEMPATH\CodeIgniter.php(494): CodeIgniter\CodeIgniter->runController(Object(App\Controllers\LandingController))
 8 SYSTEMPATH\CodeIgniter.php(353): CodeIgniter\CodeIgniter->handleRequest(null, Object(Config\Cache), false)
 9 FCPATH\index.php(79): CodeIgniter\CodeIgniter->run()
10 SYSTEMPATH\Commands\Server\rewrite.php(47): require_once('C:\\Users\\ngura\\Job\\project_raha-u\\public\\index.php')
CRITICAL - 2023-09-11 16:23:28 --> Undefined variable $message
in APPPATH\Views\landing_page.php on line 10.
 1 APPPATH\Views\landing_page.php(10): CodeIgniter\Debug\Exceptions->errorHandler(2, 'Undefined variable $message', 'C:\\Users\\ngura\\Job\\project_raha-u\\app\\Views\\landing_page.php', 10)
 2 SYSTEMPATH\View\View.php(226): include('C:\\Users\\ngura\\Job\\project_raha-u\\app\\Views\\landing_page.php')
 3 SYSTEMPATH\View\View.php(229): CodeIgniter\View\View->CodeIgniter\View\{closure}()
 4 SYSTEMPATH\Common.php(1188): CodeIgniter\View\View->render('landing_page', [], true)
 5 APPPATH\Controllers\LandingController.php(8): view('landing_page')
 6 SYSTEMPATH\CodeIgniter.php(919): App\Controllers\LandingController->index()
 7 SYSTEMPATH\CodeIgniter.php(494): CodeIgniter\CodeIgniter->runController(Object(App\Controllers\LandingController))
 8 SYSTEMPATH\CodeIgniter.php(353): CodeIgniter\CodeIgniter->handleRequest(null, Object(Config\Cache), false)
 9 FCPATH\index.php(79): CodeIgniter\CodeIgniter->run()
10 SYSTEMPATH\Commands\Server\rewrite.php(47): require_once('C:\\Users\\ngura\\Job\\project_raha-u\\public\\index.php')
